The target system is: Linux - 1 - arm
The host system is: Darwin - 19.4.0 - x86_64
Compiling the C compiler identification source file "CMakeCCompilerId.c" succeeded.
Compiler: /usr/local/opt/llvm/bin/clang 
Build flags: ;-isysroot=/Users/jamiejohn/sysroot;-isysroot=/Users/jamiejohn/sysroot
Id flags:  

The output was:
0
clang-10: warning: no such sysroot directory: '=/Users/jamiejohn/sysroot' [-Wmissing-sysroot]


Compilation of the C compiler identification source "CMakeCCompilerId.c" produced "a.out"

The C compiler identification is Clang, found in "/Users/jamiejohn/Desktop/maven/build/CMakeFiles/3.17.1/CompilerIdC/a.out"

Compiling the CXX compiler identification source file "CMakeCXXCompilerId.cpp" succeeded.
Compiler: /usr/local/opt/llvm/bin/clang++ 
Build flags: ;-isysroot=/Users/jamiejohn/sysroot;-isysroot=/Users/jamiejohn/sysroot
Id flags:  

The output was:
0
clang-10: warning: no such sysroot directory: '=/Users/jamiejohn/sysroot' [-Wmissing-sysroot]


Compilation of the CXX compiler identification source "CMakeCXXCompilerId.cpp" produced "a.out"

The CXX compiler identification is Clang, found in "/Users/jamiejohn/Desktop/maven/build/CMakeFiles/3.17.1/CompilerIdCXX/a.out"

Determining if the C compiler works passed with the following output:
Change Dir: /Users/jamiejohn/Desktop/maven/build/CMakeFiles/CMakeTmp

Run Build Command(s):/usr/bin/make cmTC_0834b/fast && /Applications/Xcode.app/Contents/Developer/usr/bin/make  -f CMakeFiles/cmTC_0834b.dir/build.make CMakeFiles/cmTC_0834b.dir/build
Building C object CMakeFiles/cmTC_0834b.dir/testCCompiler.c.o
/usr/local/opt/llvm/bin/clang --target=arm-linux-gnueabihf --sysroot=/Users/jamiejohn/sysroot   -isysroot=/Users/jamiejohn/sysroot -isysroot=/Users/jamiejohn/sysroot    -o CMakeFiles/cmTC_0834b.dir/testCCompiler.c.o   -c /Users/jamiejohn/Desktop/maven/build/CMakeFiles/CMakeTmp/testCCompiler.c
Linking C executable cmTC_0834b
/usr/local/Cellar/cmake/3.17.1/bin/cmake -E cmake_link_script CMakeFiles/cmTC_0834b.dir/link.txt --verbose=1
/usr/local/opt/llvm/bin/clang --target=arm-linux-gnueabihf --sysroot=/Users/jamiejohn/sysroot  -isysroot=/Users/jamiejohn/sysroot -isysroot=/Users/jamiejohn/sysroot     -rdynamic CMakeFiles/cmTC_0834b.dir/testCCompiler.c.o  -o cmTC_0834b 



Detecting C compiler ABI info compiled with the following output:
Change Dir: /Users/jamiejohn/Desktop/maven/build/CMakeFiles/CMakeTmp

Run Build Command(s):/usr/bin/make cmTC_d17ba/fast && /Applications/Xcode.app/Contents/Developer/usr/bin/make  -f CMakeFiles/cmTC_d17ba.dir/build.make CMakeFiles/cmTC_d17ba.dir/build
Building C object CMakeFiles/cmTC_d17ba.dir/CMakeCCompilerABI.c.o
/usr/local/opt/llvm/bin/clang --target=arm-linux-gnueabihf --sysroot=/Users/jamiejohn/sysroot   -isysroot=/Users/jamiejohn/sysroot -isysroot=/Users/jamiejohn/sysroot    -v -o CMakeFiles/cmTC_d17ba.dir/CMakeCCompilerABI.c.o   -c /usr/local/Cellar/cmake/3.17.1/share/cmake/Modules/CMakeCCompilerABI.c
clang version 10.0.0 
Target: arm-unknown-linux-gnueabihf
Thread model: posix
InstalledDir: /usr/local/opt/llvm/bin
Found candidate GCC installation: /Users/jamiejohn/sysroot/usr/lib/gcc/arm-linux-gnueabihf/4.9
Found candidate GCC installation: /Users/jamiejohn/sysroot/usr/lib/gcc/arm-linux-gnueabihf/4.9.4
Found candidate GCC installation: /Users/jamiejohn/sysroot/usr/lib/gcc/arm-linux-gnueabihf/5
Found candidate GCC installation: /Users/jamiejohn/sysroot/usr/lib/gcc/arm-linux-gnueabihf/5.5.0
Found candidate GCC installation: /Users/jamiejohn/sysroot/usr/lib/gcc/arm-linux-gnueabihf/6
Found candidate GCC installation: /Users/jamiejohn/sysroot/usr/lib/gcc/arm-linux-gnueabihf/6.5.0
Found candidate GCC installation: /Users/jamiejohn/sysroot/usr/lib/gcc/arm-linux-gnueabihf/7
Found candidate GCC installation: /Users/jamiejohn/sysroot/usr/lib/gcc/arm-linux-gnueabihf/7.3.0
Found candidate GCC installation: /Users/jamiejohn/sysroot/usr/lib/gcc/arm-linux-gnueabihf/8
Selected GCC installation: /Users/jamiejohn/sysroot/usr/lib/gcc/arm-linux-gnueabihf/8
Candidate multilib: .;@m32
Selected multilib: .;@m32
 (in-process)
 "/usr/local/Cellar/llvm/10.0.0_3/bin/clang-10" -cc1 -triple armv6kz-unknown-linux-gnueabihf -emit-obj -mrelax-all -disable-free -disable-llvm-verifier -discard-value-names -main-file-name CMakeCCompilerABI.c -mrelocation-model static -mthread-model posix -mframe-pointer=all -fmath-errno -fno-rounding-math -masm-verbose -mconstructor-aliases -target-cpu arm1176jzf-s -target-feature +strict-align -target-abi aapcs-linux -mfloat-abi hard -fallow-half-arguments-and-returns -dwarf-column-info -fno-split-dwarf-inlining -debugger-tuning=gdb -target-linker-version 556.6 -v -resource-dir /usr/local/Cellar/llvm/10.0.0_3/lib/clang/10.0.0 -isysroot =/Users/jamiejohn/sysroot -isysroot =/Users/jamiejohn/sysroot -internal-isystem /Users/jamiejohn/sysroot/usr/local/include -internal-isystem /usr/local/Cellar/llvm/10.0.0_3/lib/clang/10.0.0/include -internal-externc-isystem /Users/jamiejohn/sysroot/usr/include/arm-linux-gnueabihf -internal-externc-isystem /Users/jamiejohn/sysroot/include -internal-externc-isystem /Users/jamiejohn/sysroot/usr/include -fdebug-compilation-dir /Users/jamiejohn/Desktop/maven/build/CMakeFiles/CMakeTmp -ferror-limit 19 -fmessage-length 0 -fno-signed-char -fgnuc-version=4.2.1 -fobjc-runtime=gcc -fdiagnostics-show-option -faddrsig -o CMakeFiles/cmTC_d17ba.dir/CMakeCCompilerABI.c.o -x c /usr/local/Cellar/cmake/3.17.1/share/cmake/Modules/CMakeCCompilerABI.c
clang -cc1 version 10.0.0 based upon LLVM 10.0.0 default target x86_64-apple-darwin19.4.0
ignoring nonexistent directory "/Users/jamiejohn/sysroot/usr/local/include"
ignoring nonexistent directory "/Users/jamiejohn/sysroot/include"
#include "..." search starts here:
#include <...> search starts here:
 /usr/local/Cellar/llvm/10.0.0_3/lib/clang/10.0.0/include
 /Users/jamiejohn/sysroot/usr/include/arm-linux-gnueabihf
 /Users/jamiejohn/sysroot/usr/include
End of search list.
Linking C executable cmTC_d17ba
/usr/local/Cellar/cmake/3.17.1/bin/cmake -E cmake_link_script CMakeFiles/cmTC_d17ba.dir/link.txt --verbose=1
/usr/local/opt/llvm/bin/clang --target=arm-linux-gnueabihf --sysroot=/Users/jamiejohn/sysroot  -isysroot=/Users/jamiejohn/sysroot -isysroot=/Users/jamiejohn/sysroot    -v -rdynamic CMakeFiles/cmTC_d17ba.dir/CMakeCCompilerABI.c.o  -o cmTC_d17ba 
clang version 10.0.0 
Target: arm-unknown-linux-gnueabihf
Thread model: posix
InstalledDir: /usr/local/opt/llvm/bin
Found candidate GCC installation: /Users/jamiejohn/sysroot/usr/lib/gcc/arm-linux-gnueabihf/4.9
Found candidate GCC installation: /Users/jamiejohn/sysroot/usr/lib/gcc/arm-linux-gnueabihf/4.9.4
Found candidate GCC installation: /Users/jamiejohn/sysroot/usr/lib/gcc/arm-linux-gnueabihf/5
Found candidate GCC installation: /Users/jamiejohn/sysroot/usr/lib/gcc/arm-linux-gnueabihf/5.5.0
Found candidate GCC installation: /Users/jamiejohn/sysroot/usr/lib/gcc/arm-linux-gnueabihf/6
Found candidate GCC installation: /Users/jamiejohn/sysroot/usr/lib/gcc/arm-linux-gnueabihf/6.5.0
Found candidate GCC installation: /Users/jamiejohn/sysroot/usr/lib/gcc/arm-linux-gnueabihf/7
Found candidate GCC installation: /Users/jamiejohn/sysroot/usr/lib/gcc/arm-linux-gnueabihf/7.3.0
Found candidate GCC installation: /Users/jamiejohn/sysroot/usr/lib/gcc/arm-linux-gnueabihf/8
Selected GCC installation: /Users/jamiejohn/sysroot/usr/lib/gcc/arm-linux-gnueabihf/8
Candidate multilib: .;@m32
Selected multilib: .;@m32
 "/usr/local/bin/arm-linux-gnueabihf-ld" --sysroot=/Users/jamiejohn/sysroot -export-dynamic -EL -X --eh-frame-hdr -m armelf_linux_eabi -export-dynamic -dynamic-linker /lib/ld-linux-armhf.so.3 -o cmTC_d17ba /Users/jamiejohn/sysroot/usr/lib/gcc/arm-linux-gnueabihf/8/../../../arm-linux-gnueabihf/crt1.o /Users/jamiejohn/sysroot/usr/lib/gcc/arm-linux-gnueabihf/8/../../../arm-linux-gnueabihf/crti.o /Users/jamiejohn/sysroot/usr/lib/gcc/arm-linux-gnueabihf/8/crtbegin.o -L/Users/jamiejohn/sysroot/usr/lib/gcc/arm-linux-gnueabihf/8 -L/Users/jamiejohn/sysroot/usr/lib/gcc/arm-linux-gnueabihf/8/../../../arm-linux-gnueabihf -L/Users/jamiejohn/sysroot/usr/lib/gcc/arm-linux-gnueabihf/8/../../../../lib -L/Users/jamiejohn/sysroot/lib/arm-linux-gnueabihf -L/Users/jamiejohn/sysroot/lib/../lib -L/Users/jamiejohn/sysroot/usr/lib/arm-linux-gnueabihf -L/Users/jamiejohn/sysroot/usr/lib/../lib -L/Users/jamiejohn/sysroot/usr/lib/arm-linux-gnueabihf/../../lib -L/Users/jamiejohn/sysroot/usr/lib/gcc/arm-linux-gnueabihf/8/../../.. -L/Users/jamiejohn/sysroot/lib -L/Users/jamiejohn/sysroot/usr/lib CMakeFiles/cmTC_d17ba.dir/CMakeCCompilerABI.c.o -lgcc --as-needed -lgcc_s --no-as-needed -lc -lgcc --as-needed -lgcc_s --no-as-needed /Users/jamiejohn/sysroot/usr/lib/gcc/arm-linux-gnueabihf/8/crtend.o /Users/jamiejohn/sysroot/usr/lib/gcc/arm-linux-gnueabihf/8/../../../arm-linux-gnueabihf/crtn.o



Parsed C implicit include dir info from above output: rv=done
  found start of include info
  found start of implicit include info
    add: [/usr/local/Cellar/llvm/10.0.0_3/lib/clang/10.0.0/include]
    add: [/Users/jamiejohn/sysroot/usr/include/arm-linux-gnueabihf]
    add: [/Users/jamiejohn/sysroot/usr/include]
  end of search list found
  collapse include dir [/usr/local/Cellar/llvm/10.0.0_3/lib/clang/10.0.0/include] ==> [/usr/local/Cellar/llvm/10.0.0_3/lib/clang/10.0.0/include]
  collapse include dir [/Users/jamiejohn/sysroot/usr/include/arm-linux-gnueabihf] ==> [/Users/jamiejohn/sysroot/usr/include/arm-linux-gnueabihf]
  collapse include dir [/Users/jamiejohn/sysroot/usr/include] ==> [/Users/jamiejohn/sysroot/usr/include]
  implicit include dirs: [/usr/local/Cellar/llvm/10.0.0_3/lib/clang/10.0.0/include;/Users/jamiejohn/sysroot/usr/include/arm-linux-gnueabihf;/Users/jamiejohn/sysroot/usr/include]


Parsed C implicit link information from above output:
  link line regex: [^( *|.*[/\])(arm-linux-gnueabihf-ld|CMAKE_LINK_STARTFILE-NOTFOUND|([^/\]+-)?ld|collect2)[^/\]*( |$)]
  ignore line: [Change Dir: /Users/jamiejohn/Desktop/maven/build/CMakeFiles/CMakeTmp]
  ignore line: []
  ignore line: [Run Build Command(s):/usr/bin/make cmTC_d17ba/fast && /Applications/Xcode.app/Contents/Developer/usr/bin/make  -f CMakeFiles/cmTC_d17ba.dir/build.make CMakeFiles/cmTC_d17ba.dir/build]
  ignore line: [Building C object CMakeFiles/cmTC_d17ba.dir/CMakeCCompilerABI.c.o]
  ignore line: [/usr/local/opt/llvm/bin/clang --target=arm-linux-gnueabihf --sysroot=/Users/jamiejohn/sysroot   -isysroot=/Users/jamiejohn/sysroot -isysroot=/Users/jamiejohn/sysroot    -v -o CMakeFiles/cmTC_d17ba.dir/CMakeCCompilerABI.c.o   -c /usr/local/Cellar/cmake/3.17.1/share/cmake/Modules/CMakeCCompilerABI.c]
  ignore line: [clang version 10.0.0 ]
  ignore line: [Target: arm-unknown-linux-gnueabihf]
  ignore line: [Thread model: posix]
  ignore line: [InstalledDir: /usr/local/opt/llvm/bin]
  ignore line: [Found candidate GCC installation: /Users/jamiejohn/sysroot/usr/lib/gcc/arm-linux-gnueabihf/4.9]
  ignore line: [Found candidate GCC installation: /Users/jamiejohn/sysroot/usr/lib/gcc/arm-linux-gnueabihf/4.9.4]
  ignore line: [Found candidate GCC installation: /Users/jamiejohn/sysroot/usr/lib/gcc/arm-linux-gnueabihf/5]
  ignore line: [Found candidate GCC installation: /Users/jamiejohn/sysroot/usr/lib/gcc/arm-linux-gnueabihf/5.5.0]
  ignore line: [Found candidate GCC installation: /Users/jamiejohn/sysroot/usr/lib/gcc/arm-linux-gnueabihf/6]
  ignore line: [Found candidate GCC installation: /Users/jamiejohn/sysroot/usr/lib/gcc/arm-linux-gnueabihf/6.5.0]
  ignore line: [Found candidate GCC installation: /Users/jamiejohn/sysroot/usr/lib/gcc/arm-linux-gnueabihf/7]
  ignore line: [Found candidate GCC installation: /Users/jamiejohn/sysroot/usr/lib/gcc/arm-linux-gnueabihf/7.3.0]
  ignore line: [Found candidate GCC installation: /Users/jamiejohn/sysroot/usr/lib/gcc/arm-linux-gnueabihf/8]
  ignore line: [Selected GCC installation: /Users/jamiejohn/sysroot/usr/lib/gcc/arm-linux-gnueabihf/8]
  ignore line: [Candidate multilib: .]
  ignore line: [@m32]
  ignore line: [Selected multilib: .]
  ignore line: [@m32]
  ignore line: [ (in-process)]
  ignore line: [ "/usr/local/Cellar/llvm/10.0.0_3/bin/clang-10" -cc1 -triple armv6kz-unknown-linux-gnueabihf -emit-obj -mrelax-all -disable-free -disable-llvm-verifier -discard-value-names -main-file-name CMakeCCompilerABI.c -mrelocation-model static -mthread-model posix -mframe-pointer=all -fmath-errno -fno-rounding-math -masm-verbose -mconstructor-aliases -target-cpu arm1176jzf-s -target-feature +strict-align -target-abi aapcs-linux -mfloat-abi hard -fallow-half-arguments-and-returns -dwarf-column-info -fno-split-dwarf-inlining -debugger-tuning=gdb -target-linker-version 556.6 -v -resource-dir /usr/local/Cellar/llvm/10.0.0_3/lib/clang/10.0.0 -isysroot =/Users/jamiejohn/sysroot -isysroot =/Users/jamiejohn/sysroot -internal-isystem /Users/jamiejohn/sysroot/usr/local/include -internal-isystem /usr/local/Cellar/llvm/10.0.0_3/lib/clang/10.0.0/include -internal-externc-isystem /Users/jamiejohn/sysroot/usr/include/arm-linux-gnueabihf -internal-externc-isystem /Users/jamiejohn/sysroot/include -internal-externc-isystem /Users/jamiejohn/sysroot/usr/include -fdebug-compilation-dir /Users/jamiejohn/Desktop/maven/build/CMakeFiles/CMakeTmp -ferror-limit 19 -fmessage-length 0 -fno-signed-char -fgnuc-version=4.2.1 -fobjc-runtime=gcc -fdiagnostics-show-option -faddrsig -o CMakeFiles/cmTC_d17ba.dir/CMakeCCompilerABI.c.o -x c /usr/local/Cellar/cmake/3.17.1/share/cmake/Modules/CMakeCCompilerABI.c]
  ignore line: [clang -cc1 version 10.0.0 based upon LLVM 10.0.0 default target x86_64-apple-darwin19.4.0]
  ignore line: [ignoring nonexistent directory "/Users/jamiejohn/sysroot/usr/local/include"]
  ignore line: [ignoring nonexistent directory "/Users/jamiejohn/sysroot/include"]
  ignore line: [#include "..." search starts here:]
  ignore line: [#include <...> search starts here:]
  ignore line: [ /usr/local/Cellar/llvm/10.0.0_3/lib/clang/10.0.0/include]
  ignore line: [ /Users/jamiejohn/sysroot/usr/include/arm-linux-gnueabihf]
  ignore line: [ /Users/jamiejohn/sysroot/usr/include]
  ignore line: [End of search list.]
  ignore line: [Linking C executable cmTC_d17ba]
  ignore line: [/usr/local/Cellar/cmake/3.17.1/bin/cmake -E cmake_link_script CMakeFiles/cmTC_d17ba.dir/link.txt --verbose=1]
  ignore line: [/usr/local/opt/llvm/bin/clang --target=arm-linux-gnueabihf --sysroot=/Users/jamiejohn/sysroot  -isysroot=/Users/jamiejohn/sysroot -isysroot=/Users/jamiejohn/sysroot    -v -rdynamic CMakeFiles/cmTC_d17ba.dir/CMakeCCompilerABI.c.o  -o cmTC_d17ba ]
  ignore line: [clang version 10.0.0 ]
  ignore line: [Target: arm-unknown-linux-gnueabihf]
  ignore line: [Thread model: posix]
  ignore line: [InstalledDir: /usr/local/opt/llvm/bin]
  ignore line: [Found candidate GCC installation: /Users/jamiejohn/sysroot/usr/lib/gcc/arm-linux-gnueabihf/4.9]
  ignore line: [Found candidate GCC installation: /Users/jamiejohn/sysroot/usr/lib/gcc/arm-linux-gnueabihf/4.9.4]
  ignore line: [Found candidate GCC installation: /Users/jamiejohn/sysroot/usr/lib/gcc/arm-linux-gnueabihf/5]
  ignore line: [Found candidate GCC installation: /Users/jamiejohn/sysroot/usr/lib/gcc/arm-linux-gnueabihf/5.5.0]
  ignore line: [Found candidate GCC installation: /Users/jamiejohn/sysroot/usr/lib/gcc/arm-linux-gnueabihf/6]
  ignore line: [Found candidate GCC installation: /Users/jamiejohn/sysroot/usr/lib/gcc/arm-linux-gnueabihf/6.5.0]
  ignore line: [Found candidate GCC installation: /Users/jamiejohn/sysroot/usr/lib/gcc/arm-linux-gnueabihf/7]
  ignore line: [Found candidate GCC installation: /Users/jamiejohn/sysroot/usr/lib/gcc/arm-linux-gnueabihf/7.3.0]
  ignore line: [Found candidate GCC installation: /Users/jamiejohn/sysroot/usr/lib/gcc/arm-linux-gnueabihf/8]
  ignore line: [Selected GCC installation: /Users/jamiejohn/sysroot/usr/lib/gcc/arm-linux-gnueabihf/8]
  ignore line: [Candidate multilib: .]
  ignore line: [@m32]
  ignore line: [Selected multilib: .]
  ignore line: [@m32]
  link line: [ "/usr/local/bin/arm-linux-gnueabihf-ld" --sysroot=/Users/jamiejohn/sysroot -export-dynamic -EL -X --eh-frame-hdr -m armelf_linux_eabi -export-dynamic -dynamic-linker /lib/ld-linux-armhf.so.3 -o cmTC_d17ba /Users/jamiejohn/sysroot/usr/lib/gcc/arm-linux-gnueabihf/8/../../../arm-linux-gnueabihf/crt1.o /Users/jamiejohn/sysroot/usr/lib/gcc/arm-linux-gnueabihf/8/../../../arm-linux-gnueabihf/crti.o /Users/jamiejohn/sysroot/usr/lib/gcc/arm-linux-gnueabihf/8/crtbegin.o -L/Users/jamiejohn/sysroot/usr/lib/gcc/arm-linux-gnueabihf/8 -L/Users/jamiejohn/sysroot/usr/lib/gcc/arm-linux-gnueabihf/8/../../../arm-linux-gnueabihf -L/Users/jamiejohn/sysroot/usr/lib/gcc/arm-linux-gnueabihf/8/../../../../lib -L/Users/jamiejohn/sysroot/lib/arm-linux-gnueabihf -L/Users/jamiejohn/sysroot/lib/../lib -L/Users/jamiejohn/sysroot/usr/lib/arm-linux-gnueabihf -L/Users/jamiejohn/sysroot/usr/lib/../lib -L/Users/jamiejohn/sysroot/usr/lib/arm-linux-gnueabihf/../../lib -L/Users/jamiejohn/sysroot/usr/lib/gcc/arm-linux-gnueabihf/8/../../.. -L/Users/jamiejohn/sysroot/lib -L/Users/jamiejohn/sysroot/usr/lib CMakeFiles/cmTC_d17ba.dir/CMakeCCompilerABI.c.o -lgcc --as-needed -lgcc_s --no-as-needed -lc -lgcc --as-needed -lgcc_s --no-as-needed /Users/jamiejohn/sysroot/usr/lib/gcc/arm-linux-gnueabihf/8/crtend.o /Users/jamiejohn/sysroot/usr/lib/gcc/arm-linux-gnueabihf/8/../../../arm-linux-gnueabihf/crtn.o]
    arg [/usr/local/bin/arm-linux-gnueabihf-ld] ==> ignore
    arg [--sysroot=/Users/jamiejohn/sysroot] ==> ignore
    arg [-export-dynamic] ==> ignore
    arg [-EL] ==> ignore
    arg [-X] ==> ignore
    arg [--eh-frame-hdr] ==> ignore
    arg [-m] ==> ignore
    arg [armelf_linux_eabi] ==> ignore
    arg [-export-dynamic] ==> ignore
    arg [-dynamic-linker] ==> ignore
    arg [/lib/ld-linux-armhf.so.3] ==> ignore
    arg [-o] ==> ignore
    arg [cmTC_d17ba] ==> ignore
    arg [/Users/jamiejohn/sysroot/usr/lib/gcc/arm-linux-gnueabihf/8/../../../arm-linux-gnueabihf/crt1.o] ==> ignore
    arg [/Users/jamiejohn/sysroot/usr/lib/gcc/arm-linux-gnueabihf/8/../../../arm-linux-gnueabihf/crti.o] ==> ignore
    arg [/Users/jamiejohn/sysroot/usr/lib/gcc/arm-linux-gnueabihf/8/crtbegin.o] ==> ignore
    arg [-L/Users/jamiejohn/sysroot/usr/lib/gcc/arm-linux-gnueabihf/8] ==> dir [/Users/jamiejohn/sysroot/usr/lib/gcc/arm-linux-gnueabihf/8]
    arg [-L/Users/jamiejohn/sysroot/usr/lib/gcc/arm-linux-gnueabihf/8/../../../arm-linux-gnueabihf] ==> dir [/Users/jamiejohn/sysroot/usr/lib/gcc/arm-linux-gnueabihf/8/../../../arm-linux-gnueabihf]
    arg [-L/Users/jamiejohn/sysroot/usr/lib/gcc/arm-linux-gnueabihf/8/../../../../lib] ==> dir [/Users/jamiejohn/sysroot/usr/lib/gcc/arm-linux-gnueabihf/8/../../../../lib]
    arg [-L/Users/jamiejohn/sysroot/lib/arm-linux-gnueabihf] ==> dir [/Users/jamiejohn/sysroot/lib/arm-linux-gnueabihf]
    arg [-L/Users/jamiejohn/sysroot/lib/../lib] ==> dir [/Users/jamiejohn/sysroot/lib/../lib]
    arg [-L/Users/jamiejohn/sysroot/usr/lib/arm-linux-gnueabihf] ==> dir [/Users/jamiejohn/sysroot/usr/lib/arm-linux-gnueabihf]
    arg [-L/Users/jamiejohn/sysroot/usr/lib/../lib] ==> dir [/Users/jamiejohn/sysroot/usr/lib/../lib]
    arg [-L/Users/jamiejohn/sysroot/usr/lib/arm-linux-gnueabihf/../../lib] ==> dir [/Users/jamiejohn/sysroot/usr/lib/arm-linux-gnueabihf/../../lib]
    arg [-L/Users/jamiejohn/sysroot/usr/lib/gcc/arm-linux-gnueabihf/8/../../..] ==> dir [/Users/jamiejohn/sysroot/usr/lib/gcc/arm-linux-gnueabihf/8/../../..]
    arg [-L/Users/jamiejohn/sysroot/lib] ==> dir [/Users/jamiejohn/sysroot/lib]
    arg [-L/Users/jamiejohn/sysroot/usr/lib] ==> dir [/Users/jamiejohn/sysroot/usr/lib]
    arg [CMakeFiles/cmTC_d17ba.dir/CMakeCCompilerABI.c.o] ==> ignore
    arg [-lgcc] ==> lib [gcc]
    arg [--as-needed] ==> ignore
    arg [-lgcc_s] ==> lib [gcc_s]
    arg [--no-as-needed] ==> ignore
    arg [-lc] ==> lib [c]
    arg [-lgcc] ==> lib [gcc]
    arg [--as-needed] ==> ignore
    arg [-lgcc_s] ==> lib [gcc_s]
    arg [--no-as-needed] ==> ignore
    arg [/Users/jamiejohn/sysroot/usr/lib/gcc/arm-linux-gnueabihf/8/crtend.o] ==> ignore
    arg [/Users/jamiejohn/sysroot/usr/lib/gcc/arm-linux-gnueabihf/8/../../../arm-linux-gnueabihf/crtn.o] ==> ignore
  collapse library dir [/Users/jamiejohn/sysroot/usr/lib/gcc/arm-linux-gnueabihf/8] ==> [/Users/jamiejohn/sysroot/usr/lib/gcc/arm-linux-gnueabihf/8]
  collapse library dir [/Users/jamiejohn/sysroot/usr/lib/gcc/arm-linux-gnueabihf/8/../../../arm-linux-gnueabihf] ==> [/Users/jamiejohn/sysroot/usr/lib/arm-linux-gnueabihf]
  collapse library dir [/Users/jamiejohn/sysroot/usr/lib/gcc/arm-linux-gnueabihf/8/../../../../lib] ==> [/Users/jamiejohn/sysroot/usr/lib]
  collapse library dir [/Users/jamiejohn/sysroot/lib/arm-linux-gnueabihf] ==> [/Users/jamiejohn/sysroot/lib/arm-linux-gnueabihf]
  collapse library dir [/Users/jamiejohn/sysroot/lib/../lib] ==> [/Users/jamiejohn/sysroot/lib]
  collapse library dir [/Users/jamiejohn/sysroot/usr/lib/arm-linux-gnueabihf] ==> [/Users/jamiejohn/sysroot/usr/lib/arm-linux-gnueabihf]
  collapse library dir [/Users/jamiejohn/sysroot/usr/lib/../lib] ==> [/Users/jamiejohn/sysroot/usr/lib]
  collapse library dir [/Users/jamiejohn/sysroot/usr/lib/arm-linux-gnueabihf/../../lib] ==> [/Users/jamiejohn/sysroot/usr/lib]
  collapse library dir [/Users/jamiejohn/sysroot/usr/lib/gcc/arm-linux-gnueabihf/8/../../..] ==> [/Users/jamiejohn/sysroot/usr/lib]
  collapse library dir [/Users/jamiejohn/sysroot/lib] ==> [/Users/jamiejohn/sysroot/lib]
  collapse library dir [/Users/jamiejohn/sysroot/usr/lib] ==> [/Users/jamiejohn/sysroot/usr/lib]
  implicit libs: [gcc;gcc_s;c;gcc;gcc_s]
  implicit dirs: [/Users/jamiejohn/sysroot/usr/lib/gcc/arm-linux-gnueabihf/8;/Users/jamiejohn/sysroot/usr/lib/arm-linux-gnueabihf;/Users/jamiejohn/sysroot/usr/lib;/Users/jamiejohn/sysroot/lib/arm-linux-gnueabihf;/Users/jamiejohn/sysroot/lib]
  implicit fwks: []


Determining if the CXX compiler works passed with the following output:
Change Dir: /Users/jamiejohn/Desktop/maven/build/CMakeFiles/CMakeTmp

Run Build Command(s):/usr/bin/make cmTC_b4cd0/fast && /Applications/Xcode.app/Contents/Developer/usr/bin/make  -f CMakeFiles/cmTC_b4cd0.dir/build.make CMakeFiles/cmTC_b4cd0.dir/build
Building CXX object CMakeFiles/cmTC_b4cd0.dir/testCXXCompiler.cxx.o
/usr/local/opt/llvm/bin/clang++ --target=arm-linux-gnueabihf --sysroot=/Users/jamiejohn/sysroot    -isysroot=/Users/jamiejohn/sysroot -isysroot=/Users/jamiejohn/sysroot    -o CMakeFiles/cmTC_b4cd0.dir/testCXXCompiler.cxx.o -c /Users/jamiejohn/Desktop/maven/build/CMakeFiles/CMakeTmp/testCXXCompiler.cxx
Linking CXX executable cmTC_b4cd0
/usr/local/Cellar/cmake/3.17.1/bin/cmake -E cmake_link_script CMakeFiles/cmTC_b4cd0.dir/link.txt --verbose=1
/usr/local/opt/llvm/bin/clang++ --target=arm-linux-gnueabihf --sysroot=/Users/jamiejohn/sysroot   -isysroot=/Users/jamiejohn/sysroot -isysroot=/Users/jamiejohn/sysroot     -rdynamic CMakeFiles/cmTC_b4cd0.dir/testCXXCompiler.cxx.o  -o cmTC_b4cd0 



Detecting CXX compiler ABI info compiled with the following output:
Change Dir: /Users/jamiejohn/Desktop/maven/build/CMakeFiles/CMakeTmp

Run Build Command(s):/usr/bin/make cmTC_24076/fast && /Applications/Xcode.app/Contents/Developer/usr/bin/make  -f CMakeFiles/cmTC_24076.dir/build.make CMakeFiles/cmTC_24076.dir/build
Building CXX object CMakeFiles/cmTC_24076.dir/CMakeCXXCompilerABI.cpp.o
/usr/local/opt/llvm/bin/clang++ --target=arm-linux-gnueabihf --sysroot=/Users/jamiejohn/sysroot    -isysroot=/Users/jamiejohn/sysroot -isysroot=/Users/jamiejohn/sysroot    -v -o CMakeFiles/cmTC_24076.dir/CMakeCXXCompilerABI.cpp.o -c /usr/local/Cellar/cmake/3.17.1/share/cmake/Modules/CMakeCXXCompilerABI.cpp
clang version 10.0.0 
Target: arm-unknown-linux-gnueabihf
Thread model: posix
InstalledDir: /usr/local/opt/llvm/bin
Found candidate GCC installation: /Users/jamiejohn/sysroot/usr/lib/gcc/arm-linux-gnueabihf/4.9
Found candidate GCC installation: /Users/jamiejohn/sysroot/usr/lib/gcc/arm-linux-gnueabihf/4.9.4
Found candidate GCC installation: /Users/jamiejohn/sysroot/usr/lib/gcc/arm-linux-gnueabihf/5
Found candidate GCC installation: /Users/jamiejohn/sysroot/usr/lib/gcc/arm-linux-gnueabihf/5.5.0
Found candidate GCC installation: /Users/jamiejohn/sysroot/usr/lib/gcc/arm-linux-gnueabihf/6
Found candidate GCC installation: /Users/jamiejohn/sysroot/usr/lib/gcc/arm-linux-gnueabihf/6.5.0
Found candidate GCC installation: /Users/jamiejohn/sysroot/usr/lib/gcc/arm-linux-gnueabihf/7
Found candidate GCC installation: /Users/jamiejohn/sysroot/usr/lib/gcc/arm-linux-gnueabihf/7.3.0
Found candidate GCC installation: /Users/jamiejohn/sysroot/usr/lib/gcc/arm-linux-gnueabihf/8
Selected GCC installation: /Users/jamiejohn/sysroot/usr/lib/gcc/arm-linux-gnueabihf/8
Candidate multilib: .;@m32
Selected multilib: .;@m32
 (in-process)
 "/usr/local/Cellar/llvm/10.0.0_3/bin/clang-10" -cc1 -triple armv6kz-unknown-linux-gnueabihf -emit-obj -mrelax-all -disable-free -disable-llvm-verifier -discard-value-names -main-file-name CMakeCXXCompilerABI.cpp -mrelocation-model static -mthread-model posix -mframe-pointer=all -fmath-errno -fno-rounding-math -masm-verbose -mconstructor-aliases -target-cpu arm1176jzf-s -target-feature +strict-align -target-abi aapcs-linux -mfloat-abi hard -fallow-half-arguments-and-returns -dwarf-column-info -fno-split-dwarf-inlining -debugger-tuning=gdb -target-linker-version 556.6 -v -resource-dir /usr/local/Cellar/llvm/10.0.0_3/lib/clang/10.0.0 -isysroot =/Users/jamiejohn/sysroot -isysroot =/Users/jamiejohn/sysroot -internal-isystem /Users/jamiejohn/sysroot/usr/lib/gcc/arm-linux-gnueabihf/8/../../../../include/c++/8 -internal-isystem /Users/jamiejohn/sysroot/usr/lib/gcc/arm-linux-gnueabihf/8/../../../../include/arm-linux-gnueabihf/c++/8 -internal-isystem /Users/jamiejohn/sysroot/usr/lib/gcc/arm-linux-gnueabihf/8/../../../../include/arm-linux-gnueabihf/c++/8 -internal-isystem /Users/jamiejohn/sysroot/usr/lib/gcc/arm-linux-gnueabihf/8/../../../../include/c++/8/backward -internal-isystem /Users/jamiejohn/sysroot/usr/local/include -internal-isystem /usr/local/Cellar/llvm/10.0.0_3/lib/clang/10.0.0/include -internal-externc-isystem /Users/jamiejohn/sysroot/usr/include/arm-linux-gnueabihf -internal-externc-isystem /Users/jamiejohn/sysroot/include -internal-externc-isystem /Users/jamiejohn/sysroot/usr/include -fdeprecated-macro -fdebug-compilation-dir /Users/jamiejohn/Desktop/maven/build/CMakeFiles/CMakeTmp -ferror-limit 19 -fmessage-length 0 -fno-signed-char -fgnuc-version=4.2.1 -fobjc-runtime=gcc -fcxx-exceptions -fexceptions -fdiagnostics-show-option -faddrsig -o CMakeFiles/cmTC_24076.dir/CMakeCXXCompilerABI.cpp.o -x c++ /usr/local/Cellar/cmake/3.17.1/share/cmake/Modules/CMakeCXXCompilerABI.cpp
clang -cc1 version 10.0.0 based upon LLVM 10.0.0 default target x86_64-apple-darwin19.4.0
ignoring nonexistent directory "/Users/jamiejohn/sysroot/usr/local/include"
ignoring nonexistent directory "/Users/jamiejohn/sysroot/include"
ignoring duplicate directory "/Users/jamiejohn/sysroot/usr/lib/gcc/arm-linux-gnueabihf/8/../../../../include/arm-linux-gnueabihf/c++/8"
#include "..." search starts here:
#include <...> search starts here:
 /Users/jamiejohn/sysroot/usr/lib/gcc/arm-linux-gnueabihf/8/../../../../include/c++/8
 /Users/jamiejohn/sysroot/usr/lib/gcc/arm-linux-gnueabihf/8/../../../../include/arm-linux-gnueabihf/c++/8
 /Users/jamiejohn/sysroot/usr/lib/gcc/arm-linux-gnueabihf/8/../../../../include/c++/8/backward
 /usr/local/Cellar/llvm/10.0.0_3/lib/clang/10.0.0/include
 /Users/jamiejohn/sysroot/usr/include/arm-linux-gnueabihf
 /Users/jamiejohn/sysroot/usr/include
End of search list.
Linking CXX executable cmTC_24076
/usr/local/Cellar/cmake/3.17.1/bin/cmake -E cmake_link_script CMakeFiles/cmTC_24076.dir/link.txt --verbose=1
/usr/local/opt/llvm/bin/clang++ --target=arm-linux-gnueabihf --sysroot=/Users/jamiejohn/sysroot   -isysroot=/Users/jamiejohn/sysroot -isysroot=/Users/jamiejohn/sysroot    -v -rdynamic CMakeFiles/cmTC_24076.dir/CMakeCXXCompilerABI.cpp.o  -o cmTC_24076 
clang version 10.0.0 
Target: arm-unknown-linux-gnueabihf
Thread model: posix
InstalledDir: /usr/local/opt/llvm/bin
Found candidate GCC installation: /Users/jamiejohn/sysroot/usr/lib/gcc/arm-linux-gnueabihf/4.9
Found candidate GCC installation: /Users/jamiejohn/sysroot/usr/lib/gcc/arm-linux-gnueabihf/4.9.4
Found candidate GCC installation: /Users/jamiejohn/sysroot/usr/lib/gcc/arm-linux-gnueabihf/5
Found candidate GCC installation: /Users/jamiejohn/sysroot/usr/lib/gcc/arm-linux-gnueabihf/5.5.0
Found candidate GCC installation: /Users/jamiejohn/sysroot/usr/lib/gcc/arm-linux-gnueabihf/6
Found candidate GCC installation: /Users/jamiejohn/sysroot/usr/lib/gcc/arm-linux-gnueabihf/6.5.0
Found candidate GCC installation: /Users/jamiejohn/sysroot/usr/lib/gcc/arm-linux-gnueabihf/7
Found candidate GCC installation: /Users/jamiejohn/sysroot/usr/lib/gcc/arm-linux-gnueabihf/7.3.0
Found candidate GCC installation: /Users/jamiejohn/sysroot/usr/lib/gcc/arm-linux-gnueabihf/8
Selected GCC installation: /Users/jamiejohn/sysroot/usr/lib/gcc/arm-linux-gnueabihf/8
Candidate multilib: .;@m32
Selected multilib: .;@m32
 "/usr/local/bin/arm-linux-gnueabihf-ld" --sysroot=/Users/jamiejohn/sysroot -export-dynamic -EL -X --eh-frame-hdr -m armelf_linux_eabi -export-dynamic -dynamic-linker /lib/ld-linux-armhf.so.3 -o cmTC_24076 /Users/jamiejohn/sysroot/usr/lib/gcc/arm-linux-gnueabihf/8/../../../arm-linux-gnueabihf/crt1.o /Users/jamiejohn/sysroot/usr/lib/gcc/arm-linux-gnueabihf/8/../../../arm-linux-gnueabihf/crti.o /Users/jamiejohn/sysroot/usr/lib/gcc/arm-linux-gnueabihf/8/crtbegin.o -L/Users/jamiejohn/sysroot/usr/lib/gcc/arm-linux-gnueabihf/8 -L/Users/jamiejohn/sysroot/usr/lib/gcc/arm-linux-gnueabihf/8/../../../arm-linux-gnueabihf -L/Users/jamiejohn/sysroot/usr/lib/gcc/arm-linux-gnueabihf/8/../../../../lib -L/Users/jamiejohn/sysroot/lib/arm-linux-gnueabihf -L/Users/jamiejohn/sysroot/lib/../lib -L/Users/jamiejohn/sysroot/usr/lib/arm-linux-gnueabihf -L/Users/jamiejohn/sysroot/usr/lib/../lib -L/Users/jamiejohn/sysroot/usr/lib/arm-linux-gnueabihf/../../lib -L/Users/jamiejohn/sysroot/usr/lib/gcc/arm-linux-gnueabihf/8/../../.. -L/Users/jamiejohn/sysroot/lib -L/Users/jamiejohn/sysroot/usr/lib CMakeFiles/cmTC_24076.dir/CMakeCXXCompilerABI.cpp.o -lstdc++ -lm -lgcc_s -lgcc -lc -lgcc_s -lgcc /Users/jamiejohn/sysroot/usr/lib/gcc/arm-linux-gnueabihf/8/crtend.o /Users/jamiejohn/sysroot/usr/lib/gcc/arm-linux-gnueabihf/8/../../../arm-linux-gnueabihf/crtn.o



Parsed CXX implicit include dir info from above output: rv=done
  found start of include info
  found start of implicit include info
    add: [/Users/jamiejohn/sysroot/usr/lib/gcc/arm-linux-gnueabihf/8/../../../../include/c++/8]
    add: [/Users/jamiejohn/sysroot/usr/lib/gcc/arm-linux-gnueabihf/8/../../../../include/arm-linux-gnueabihf/c++/8]
    add: [/Users/jamiejohn/sysroot/usr/lib/gcc/arm-linux-gnueabihf/8/../../../../include/c++/8/backward]
    add: [/usr/local/Cellar/llvm/10.0.0_3/lib/clang/10.0.0/include]
    add: [/Users/jamiejohn/sysroot/usr/include/arm-linux-gnueabihf]
    add: [/Users/jamiejohn/sysroot/usr/include]
  end of search list found
  collapse include dir [/Users/jamiejohn/sysroot/usr/lib/gcc/arm-linux-gnueabihf/8/../../../../include/c++/8] ==> [/Users/jamiejohn/sysroot/usr/include/c++/8]
  collapse include dir [/Users/jamiejohn/sysroot/usr/lib/gcc/arm-linux-gnueabihf/8/../../../../include/arm-linux-gnueabihf/c++/8] ==> [/Users/jamiejohn/sysroot/usr/include/arm-linux-gnueabihf/c++/8]
  collapse include dir [/Users/jamiejohn/sysroot/usr/lib/gcc/arm-linux-gnueabihf/8/../../../../include/c++/8/backward] ==> [/Users/jamiejohn/sysroot/usr/include/c++/8/backward]
  collapse include dir [/usr/local/Cellar/llvm/10.0.0_3/lib/clang/10.0.0/include] ==> [/usr/local/Cellar/llvm/10.0.0_3/lib/clang/10.0.0/include]
  collapse include dir [/Users/jamiejohn/sysroot/usr/include/arm-linux-gnueabihf] ==> [/Users/jamiejohn/sysroot/usr/include/arm-linux-gnueabihf]
  collapse include dir [/Users/jamiejohn/sysroot/usr/include] ==> [/Users/jamiejohn/sysroot/usr/include]
  implicit include dirs: [/Users/jamiejohn/sysroot/usr/include/c++/8;/Users/jamiejohn/sysroot/usr/include/arm-linux-gnueabihf/c++/8;/Users/jamiejohn/sysroot/usr/include/c++/8/backward;/usr/local/Cellar/llvm/10.0.0_3/lib/clang/10.0.0/include;/Users/jamiejohn/sysroot/usr/include/arm-linux-gnueabihf;/Users/jamiejohn/sysroot/usr/include]


Parsed CXX implicit link information from above output:
  link line regex: [^( *|.*[/\])(arm-linux-gnueabihf-ld|CMAKE_LINK_STARTFILE-NOTFOUND|([^/\]+-)?ld|collect2)[^/\]*( |$)]
  ignore line: [Change Dir: /Users/jamiejohn/Desktop/maven/build/CMakeFiles/CMakeTmp]
  ignore line: []
  ignore line: [Run Build Command(s):/usr/bin/make cmTC_24076/fast && /Applications/Xcode.app/Contents/Developer/usr/bin/make  -f CMakeFiles/cmTC_24076.dir/build.make CMakeFiles/cmTC_24076.dir/build]
  ignore line: [Building CXX object CMakeFiles/cmTC_24076.dir/CMakeCXXCompilerABI.cpp.o]
  ignore line: [/usr/local/opt/llvm/bin/clang++ --target=arm-linux-gnueabihf --sysroot=/Users/jamiejohn/sysroot    -isysroot=/Users/jamiejohn/sysroot -isysroot=/Users/jamiejohn/sysroot    -v -o CMakeFiles/cmTC_24076.dir/CMakeCXXCompilerABI.cpp.o -c /usr/local/Cellar/cmake/3.17.1/share/cmake/Modules/CMakeCXXCompilerABI.cpp]
  ignore line: [clang version 10.0.0 ]
  ignore line: [Target: arm-unknown-linux-gnueabihf]
  ignore line: [Thread model: posix]
  ignore line: [InstalledDir: /usr/local/opt/llvm/bin]
  ignore line: [Found candidate GCC installation: /Users/jamiejohn/sysroot/usr/lib/gcc/arm-linux-gnueabihf/4.9]
  ignore line: [Found candidate GCC installation: /Users/jamiejohn/sysroot/usr/lib/gcc/arm-linux-gnueabihf/4.9.4]
  ignore line: [Found candidate GCC installation: /Users/jamiejohn/sysroot/usr/lib/gcc/arm-linux-gnueabihf/5]
  ignore line: [Found candidate GCC installation: /Users/jamiejohn/sysroot/usr/lib/gcc/arm-linux-gnueabihf/5.5.0]
  ignore line: [Found candidate GCC installation: /Users/jamiejohn/sysroot/usr/lib/gcc/arm-linux-gnueabihf/6]
  ignore line: [Found candidate GCC installation: /Users/jamiejohn/sysroot/usr/lib/gcc/arm-linux-gnueabihf/6.5.0]
  ignore line: [Found candidate GCC installation: /Users/jamiejohn/sysroot/usr/lib/gcc/arm-linux-gnueabihf/7]
  ignore line: [Found candidate GCC installation: /Users/jamiejohn/sysroot/usr/lib/gcc/arm-linux-gnueabihf/7.3.0]
  ignore line: [Found candidate GCC installation: /Users/jamiejohn/sysroot/usr/lib/gcc/arm-linux-gnueabihf/8]
  ignore line: [Selected GCC installation: /Users/jamiejohn/sysroot/usr/lib/gcc/arm-linux-gnueabihf/8]
  ignore line: [Candidate multilib: .]
  ignore line: [@m32]
  ignore line: [Selected multilib: .]
  ignore line: [@m32]
  ignore line: [ (in-process)]
  ignore line: [ "/usr/local/Cellar/llvm/10.0.0_3/bin/clang-10" -cc1 -triple armv6kz-unknown-linux-gnueabihf -emit-obj -mrelax-all -disable-free -disable-llvm-verifier -discard-value-names -main-file-name CMakeCXXCompilerABI.cpp -mrelocation-model static -mthread-model posix -mframe-pointer=all -fmath-errno -fno-rounding-math -masm-verbose -mconstructor-aliases -target-cpu arm1176jzf-s -target-feature +strict-align -target-abi aapcs-linux -mfloat-abi hard -fallow-half-arguments-and-returns -dwarf-column-info -fno-split-dwarf-inlining -debugger-tuning=gdb -target-linker-version 556.6 -v -resource-dir /usr/local/Cellar/llvm/10.0.0_3/lib/clang/10.0.0 -isysroot =/Users/jamiejohn/sysroot -isysroot =/Users/jamiejohn/sysroot -internal-isystem /Users/jamiejohn/sysroot/usr/lib/gcc/arm-linux-gnueabihf/8/../../../../include/c++/8 -internal-isystem /Users/jamiejohn/sysroot/usr/lib/gcc/arm-linux-gnueabihf/8/../../../../include/arm-linux-gnueabihf/c++/8 -internal-isystem /Users/jamiejohn/sysroot/usr/lib/gcc/arm-linux-gnueabihf/8/../../../../include/arm-linux-gnueabihf/c++/8 -internal-isystem /Users/jamiejohn/sysroot/usr/lib/gcc/arm-linux-gnueabihf/8/../../../../include/c++/8/backward -internal-isystem /Users/jamiejohn/sysroot/usr/local/include -internal-isystem /usr/local/Cellar/llvm/10.0.0_3/lib/clang/10.0.0/include -internal-externc-isystem /Users/jamiejohn/sysroot/usr/include/arm-linux-gnueabihf -internal-externc-isystem /Users/jamiejohn/sysroot/include -internal-externc-isystem /Users/jamiejohn/sysroot/usr/include -fdeprecated-macro -fdebug-compilation-dir /Users/jamiejohn/Desktop/maven/build/CMakeFiles/CMakeTmp -ferror-limit 19 -fmessage-length 0 -fno-signed-char -fgnuc-version=4.2.1 -fobjc-runtime=gcc -fcxx-exceptions -fexceptions -fdiagnostics-show-option -faddrsig -o CMakeFiles/cmTC_24076.dir/CMakeCXXCompilerABI.cpp.o -x c++ /usr/local/Cellar/cmake/3.17.1/share/cmake/Modules/CMakeCXXCompilerABI.cpp]
  ignore line: [clang -cc1 version 10.0.0 based upon LLVM 10.0.0 default target x86_64-apple-darwin19.4.0]
  ignore line: [ignoring nonexistent directory "/Users/jamiejohn/sysroot/usr/local/include"]
  ignore line: [ignoring nonexistent directory "/Users/jamiejohn/sysroot/include"]
  ignore line: [ignoring duplicate directory "/Users/jamiejohn/sysroot/usr/lib/gcc/arm-linux-gnueabihf/8/../../../../include/arm-linux-gnueabihf/c++/8"]
  ignore line: [#include "..." search starts here:]
  ignore line: [#include <...> search starts here:]
  ignore line: [ /Users/jamiejohn/sysroot/usr/lib/gcc/arm-linux-gnueabihf/8/../../../../include/c++/8]
  ignore line: [ /Users/jamiejohn/sysroot/usr/lib/gcc/arm-linux-gnueabihf/8/../../../../include/arm-linux-gnueabihf/c++/8]
  ignore line: [ /Users/jamiejohn/sysroot/usr/lib/gcc/arm-linux-gnueabihf/8/../../../../include/c++/8/backward]
  ignore line: [ /usr/local/Cellar/llvm/10.0.0_3/lib/clang/10.0.0/include]
  ignore line: [ /Users/jamiejohn/sysroot/usr/include/arm-linux-gnueabihf]
  ignore line: [ /Users/jamiejohn/sysroot/usr/include]
  ignore line: [End of search list.]
  ignore line: [Linking CXX executable cmTC_24076]
  ignore line: [/usr/local/Cellar/cmake/3.17.1/bin/cmake -E cmake_link_script CMakeFiles/cmTC_24076.dir/link.txt --verbose=1]
  ignore line: [/usr/local/opt/llvm/bin/clang++ --target=arm-linux-gnueabihf --sysroot=/Users/jamiejohn/sysroot   -isysroot=/Users/jamiejohn/sysroot -isysroot=/Users/jamiejohn/sysroot    -v -rdynamic CMakeFiles/cmTC_24076.dir/CMakeCXXCompilerABI.cpp.o  -o cmTC_24076 ]
  ignore line: [clang version 10.0.0 ]
  ignore line: [Target: arm-unknown-linux-gnueabihf]
  ignore line: [Thread model: posix]
  ignore line: [InstalledDir: /usr/local/opt/llvm/bin]
  ignore line: [Found candidate GCC installation: /Users/jamiejohn/sysroot/usr/lib/gcc/arm-linux-gnueabihf/4.9]
  ignore line: [Found candidate GCC installation: /Users/jamiejohn/sysroot/usr/lib/gcc/arm-linux-gnueabihf/4.9.4]
  ignore line: [Found candidate GCC installation: /Users/jamiejohn/sysroot/usr/lib/gcc/arm-linux-gnueabihf/5]
  ignore line: [Found candidate GCC installation: /Users/jamiejohn/sysroot/usr/lib/gcc/arm-linux-gnueabihf/5.5.0]
  ignore line: [Found candidate GCC installation: /Users/jamiejohn/sysroot/usr/lib/gcc/arm-linux-gnueabihf/6]
  ignore line: [Found candidate GCC installation: /Users/jamiejohn/sysroot/usr/lib/gcc/arm-linux-gnueabihf/6.5.0]
  ignore line: [Found candidate GCC installation: /Users/jamiejohn/sysroot/usr/lib/gcc/arm-linux-gnueabihf/7]
  ignore line: [Found candidate GCC installation: /Users/jamiejohn/sysroot/usr/lib/gcc/arm-linux-gnueabihf/7.3.0]
  ignore line: [Found candidate GCC installation: /Users/jamiejohn/sysroot/usr/lib/gcc/arm-linux-gnueabihf/8]
  ignore line: [Selected GCC installation: /Users/jamiejohn/sysroot/usr/lib/gcc/arm-linux-gnueabihf/8]
  ignore line: [Candidate multilib: .]
  ignore line: [@m32]
  ignore line: [Selected multilib: .]
  ignore line: [@m32]
  link line: [ "/usr/local/bin/arm-linux-gnueabihf-ld" --sysroot=/Users/jamiejohn/sysroot -export-dynamic -EL -X --eh-frame-hdr -m armelf_linux_eabi -export-dynamic -dynamic-linker /lib/ld-linux-armhf.so.3 -o cmTC_24076 /Users/jamiejohn/sysroot/usr/lib/gcc/arm-linux-gnueabihf/8/../../../arm-linux-gnueabihf/crt1.o /Users/jamiejohn/sysroot/usr/lib/gcc/arm-linux-gnueabihf/8/../../../arm-linux-gnueabihf/crti.o /Users/jamiejohn/sysroot/usr/lib/gcc/arm-linux-gnueabihf/8/crtbegin.o -L/Users/jamiejohn/sysroot/usr/lib/gcc/arm-linux-gnueabihf/8 -L/Users/jamiejohn/sysroot/usr/lib/gcc/arm-linux-gnueabihf/8/../../../arm-linux-gnueabihf -L/Users/jamiejohn/sysroot/usr/lib/gcc/arm-linux-gnueabihf/8/../../../../lib -L/Users/jamiejohn/sysroot/lib/arm-linux-gnueabihf -L/Users/jamiejohn/sysroot/lib/../lib -L/Users/jamiejohn/sysroot/usr/lib/arm-linux-gnueabihf -L/Users/jamiejohn/sysroot/usr/lib/../lib -L/Users/jamiejohn/sysroot/usr/lib/arm-linux-gnueabihf/../../lib -L/Users/jamiejohn/sysroot/usr/lib/gcc/arm-linux-gnueabihf/8/../../.. -L/Users/jamiejohn/sysroot/lib -L/Users/jamiejohn/sysroot/usr/lib CMakeFiles/cmTC_24076.dir/CMakeCXXCompilerABI.cpp.o -lstdc++ -lm -lgcc_s -lgcc -lc -lgcc_s -lgcc /Users/jamiejohn/sysroot/usr/lib/gcc/arm-linux-gnueabihf/8/crtend.o /Users/jamiejohn/sysroot/usr/lib/gcc/arm-linux-gnueabihf/8/../../../arm-linux-gnueabihf/crtn.o]
    arg [/usr/local/bin/arm-linux-gnueabihf-ld] ==> ignore
    arg [--sysroot=/Users/jamiejohn/sysroot] ==> ignore
    arg [-export-dynamic] ==> ignore
    arg [-EL] ==> ignore
    arg [-X] ==> ignore
    arg [--eh-frame-hdr] ==> ignore
    arg [-m] ==> ignore
    arg [armelf_linux_eabi] ==> ignore
    arg [-export-dynamic] ==> ignore
    arg [-dynamic-linker] ==> ignore
    arg [/lib/ld-linux-armhf.so.3] ==> ignore
    arg [-o] ==> ignore
    arg [cmTC_24076] ==> ignore
    arg [/Users/jamiejohn/sysroot/usr/lib/gcc/arm-linux-gnueabihf/8/../../../arm-linux-gnueabihf/crt1.o] ==> ignore
    arg [/Users/jamiejohn/sysroot/usr/lib/gcc/arm-linux-gnueabihf/8/../../../arm-linux-gnueabihf/crti.o] ==> ignore
    arg [/Users/jamiejohn/sysroot/usr/lib/gcc/arm-linux-gnueabihf/8/crtbegin.o] ==> ignore
    arg [-L/Users/jamiejohn/sysroot/usr/lib/gcc/arm-linux-gnueabihf/8] ==> dir [/Users/jamiejohn/sysroot/usr/lib/gcc/arm-linux-gnueabihf/8]
    arg [-L/Users/jamiejohn/sysroot/usr/lib/gcc/arm-linux-gnueabihf/8/../../../arm-linux-gnueabihf] ==> dir [/Users/jamiejohn/sysroot/usr/lib/gcc/arm-linux-gnueabihf/8/../../../arm-linux-gnueabihf]
    arg [-L/Users/jamiejohn/sysroot/usr/lib/gcc/arm-linux-gnueabihf/8/../../../../lib] ==> dir [/Users/jamiejohn/sysroot/usr/lib/gcc/arm-linux-gnueabihf/8/../../../../lib]
    arg [-L/Users/jamiejohn/sysroot/lib/arm-linux-gnueabihf] ==> dir [/Users/jamiejohn/sysroot/lib/arm-linux-gnueabihf]
    arg [-L/Users/jamiejohn/sysroot/lib/../lib] ==> dir [/Users/jamiejohn/sysroot/lib/../lib]
    arg [-L/Users/jamiejohn/sysroot/usr/lib/arm-linux-gnueabihf] ==> dir [/Users/jamiejohn/sysroot/usr/lib/arm-linux-gnueabihf]
    arg [-L/Users/jamiejohn/sysroot/usr/lib/../lib] ==> dir [/Users/jamiejohn/sysroot/usr/lib/../lib]
    arg [-L/Users/jamiejohn/sysroot/usr/lib/arm-linux-gnueabihf/../../lib] ==> dir [/Users/jamiejohn/sysroot/usr/lib/arm-linux-gnueabihf/../../lib]
    arg [-L/Users/jamiejohn/sysroot/usr/lib/gcc/arm-linux-gnueabihf/8/../../..] ==> dir [/Users/jamiejohn/sysroot/usr/lib/gcc/arm-linux-gnueabihf/8/../../..]
    arg [-L/Users/jamiejohn/sysroot/lib] ==> dir [/Users/jamiejohn/sysroot/lib]
    arg [-L/Users/jamiejohn/sysroot/usr/lib] ==> dir [/Users/jamiejohn/sysroot/usr/lib]
    arg [CMakeFiles/cmTC_24076.dir/CMakeCXXCompilerABI.cpp.o] ==> ignore
    arg [-lstdc++] ==> lib [stdc++]
    arg [-lm] ==> lib [m]
    arg [-lgcc_s] ==> lib [gcc_s]
    arg [-lgcc] ==> lib [gcc]
    arg [-lc] ==> lib [c]
    arg [-lgcc_s] ==> lib [gcc_s]
    arg [-lgcc] ==> lib [gcc]
    arg [/Users/jamiejohn/sysroot/usr/lib/gcc/arm-linux-gnueabihf/8/crtend.o] ==> ignore
    arg [/Users/jamiejohn/sysroot/usr/lib/gcc/arm-linux-gnueabihf/8/../../../arm-linux-gnueabihf/crtn.o] ==> ignore
  collapse library dir [/Users/jamiejohn/sysroot/usr/lib/gcc/arm-linux-gnueabihf/8] ==> [/Users/jamiejohn/sysroot/usr/lib/gcc/arm-linux-gnueabihf/8]
  collapse library dir [/Users/jamiejohn/sysroot/usr/lib/gcc/arm-linux-gnueabihf/8/../../../arm-linux-gnueabihf] ==> [/Users/jamiejohn/sysroot/usr/lib/arm-linux-gnueabihf]
  collapse library dir [/Users/jamiejohn/sysroot/usr/lib/gcc/arm-linux-gnueabihf/8/../../../../lib] ==> [/Users/jamiejohn/sysroot/usr/lib]
  collapse library dir [/Users/jamiejohn/sysroot/lib/arm-linux-gnueabihf] ==> [/Users/jamiejohn/sysroot/lib/arm-linux-gnueabihf]
  collapse library dir [/Users/jamiejohn/sysroot/lib/../lib] ==> [/Users/jamiejohn/sysroot/lib]
  collapse library dir [/Users/jamiejohn/sysroot/usr/lib/arm-linux-gnueabihf] ==> [/Users/jamiejohn/sysroot/usr/lib/arm-linux-gnueabihf]
  collapse library dir [/Users/jamiejohn/sysroot/usr/lib/../lib] ==> [/Users/jamiejohn/sysroot/usr/lib]
  collapse library dir [/Users/jamiejohn/sysroot/usr/lib/arm-linux-gnueabihf/../../lib] ==> [/Users/jamiejohn/sysroot/usr/lib]
  collapse library dir [/Users/jamiejohn/sysroot/usr/lib/gcc/arm-linux-gnueabihf/8/../../..] ==> [/Users/jamiejohn/sysroot/usr/lib]
  collapse library dir [/Users/jamiejohn/sysroot/lib] ==> [/Users/jamiejohn/sysroot/lib]
  collapse library dir [/Users/jamiejohn/sysroot/usr/lib] ==> [/Users/jamiejohn/sysroot/usr/lib]
  implicit libs: [stdc++;m;gcc_s;gcc;c;gcc_s;gcc]
  implicit dirs: [/Users/jamiejohn/sysroot/usr/lib/gcc/arm-linux-gnueabihf/8;/Users/jamiejohn/sysroot/usr/lib/arm-linux-gnueabihf;/Users/jamiejohn/sysroot/usr/lib;/Users/jamiejohn/sysroot/lib/arm-linux-gnueabihf;/Users/jamiejohn/sysroot/lib]
  implicit fwks: []


